2025-11-24 09:16:03.021 ERROR org.alloy.services.TcpDeviceClient - [TCP-CLIENT] Ошибка
java.net.SocketException: Программа на вашем хост-компьютере разорвала установленное подключение
	at java.base/sun.nio.ch.NioSocketImpl.implRead(NioSocketImpl.java:330)
	at java.base/sun.nio.ch.NioSocketImpl.read(NioSocketImpl.java:355)
	at java.base/sun.nio.ch.NioSocketImpl$1.read(NioSocketImpl.java:808)
	at java.base/java.net.Socket$SocketInputStream.read(Socket.java:966)
	at java.base/java.io.InputStream.read(InputStream.java:218)
	at org.alloy.services.TcpDeviceClient.lambda$start$0(TcpDeviceClient.java:79)
	at java.base/java.lang.Thread.run(Thread.java:840)
2025-11-24 09:16:03.021 ERROR org.alloy.services.TcpCoreDeviceClient - [TCP-CORE] Ошибка
java.net.SocketException: Программа на вашем хост-компьютере разорвала установленное подключение
	at java.base/sun.nio.ch.NioSocketImpl.implRead(NioSocketImpl.java:330)
	at java.base/sun.nio.ch.NioSocketImpl.read(NioSocketImpl.java:355)
	at java.base/sun.nio.ch.NioSocketImpl$1.read(NioSocketImpl.java:808)
	at java.base/java.net.Socket$SocketInputStream.read(Socket.java:966)
	at java.base/java.io.InputStream.read(InputStream.java:218)
	at org.alloy.services.TcpCoreDeviceClient.lambda$start$0(TcpCoreDeviceClient.java:72)
	at java.base/java.lang.Thread.run(Thread.java:840)
2025-11-24 09:16:08.065 ERROR org.alloy.services.TcpCoreDeviceClient - [TCP-CORE] Ошибка
java.net.SocketException: Network is unreachable: getsockopt
	at java.base/sun.nio.ch.Net.pollConnect(Native Method)
	at java.base/sun.nio.ch.Net.pollConnectNow(Net.java:672)
	at java.base/sun.nio.ch.NioSocketImpl.timedFinishConnect(NioSocketImpl.java:547)
	at java.base/sun.nio.ch.NioSocketImpl.connect(NioSocketImpl.java:602)
	at java.base/java.net.SocksSocketImpl.connect(SocksSocketImpl.java:327)
	at java.base/java.net.Socket.connect(Socket.java:633)
	at org.alloy.services.TcpCoreDeviceClient.lambda$start$0(TcpCoreDeviceClient.java:62)
	at java.base/java.lang.Thread.run(Thread.java:840)
2025-11-24 09:16:08.065 ERROR org.alloy.services.TcpDeviceClient - [TCP-CLIENT] Ошибка
java.net.SocketException: Network is unreachable: getsockopt
	at java.base/sun.nio.ch.Net.pollConnect(Native Method)
	at java.base/sun.nio.ch.Net.pollConnectNow(Net.java:672)
	at java.base/sun.nio.ch.NioSocketImpl.timedFinishConnect(NioSocketImpl.java:547)
	at java.base/sun.nio.ch.NioSocketImpl.connect(NioSocketImpl.java:602)
	at java.base/java.net.SocksSocketImpl.connect(SocksSocketImpl.java:327)
	at java.base/java.net.Socket.connect(Socket.java:633)
	at org.alloy.services.TcpDeviceClient.lambda$start$0(TcpDeviceClient.java:64)
	at java.base/java.lang.Thread.run(Thread.java:840)
2025-11-24 09:16:13.067 ERROR org.alloy.services.TcpDeviceClient - [TCP-CLIENT] Ошибка
java.net.SocketException: Network is unreachable: getsockopt
	at java.base/sun.nio.ch.Net.pollConnect(Native Method)
	at java.base/sun.nio.ch.Net.pollConnectNow(Net.java:672)
	at java.base/sun.nio.ch.NioSocketImpl.timedFinishConnect(NioSocketImpl.java:547)
	at java.base/sun.nio.ch.NioSocketImpl.connect(NioSocketImpl.java:602)
	at java.base/java.net.SocksSocketImpl.connect(SocksSocketImpl.java:327)
	at java.base/java.net.Socket.connect(Socket.java:633)
	at org.alloy.services.TcpDeviceClient.lambda$start$0(TcpDeviceClient.java:64)
	at java.base/java.lang.Thread.run(Thread.java:840)
2025-11-24 09:16:13.067 ERROR org.alloy.services.TcpCoreDeviceClient - [TCP-CORE] Ошибка
java.net.SocketException: Network is unreachable: getsockopt
	at java.base/sun.nio.ch.Net.pollConnect(Native Method)
	at java.base/sun.nio.ch.Net.pollConnectNow(Net.java:672)
	at java.base/sun.nio.ch.NioSocketImpl.timedFinishConnect(NioSocketImpl.java:547)
	at java.base/sun.nio.ch.NioSocketImpl.connect(NioSocketImpl.java:602)
	at java.base/java.net.SocksSocketImpl.connect(SocksSocketImpl.java:327)
	at java.base/java.net.Socket.connect(Socket.java:633)
	at org.alloy.services.TcpCoreDeviceClient.lambda$start$0(TcpCoreDeviceClient.java:62)
	at java.base/java.lang.Thread.run(Thread.java:840)
2025-11-24 09:16:18.067 ERROR org.alloy.services.TcpDeviceClient - [TCP-CLIENT] Ошибка
java.net.SocketException: Network is unreachable: getsockopt
	at java.base/sun.nio.ch.Net.pollConnect(Native Method)
	at java.base/sun.nio.ch.Net.pollConnectNow(Net.java:672)
	at java.base/sun.nio.ch.NioSocketImpl.timedFinishConnect(NioSocketImpl.java:547)
	at java.base/sun.nio.ch.NioSocketImpl.connect(NioSocketImpl.java:602)
	at java.base/java.net.SocksSocketImpl.connect(SocksSocketImpl.java:327)
	at java.base/java.net.Socket.connect(Socket.java:633)
	at org.alloy.services.TcpDeviceClient.lambda$start$0(TcpDeviceClient.java:64)
	at java.base/java.lang.Thread.run(Thread.java:840)
2025-11-24 09:16:18.087 ERROR org.alloy.services.TcpCoreDeviceClient - [TCP-CORE] Ошибка
java.net.SocketException: Network is unreachable: getsockopt
	at java.base/sun.nio.ch.Net.pollConnect(Native Method)
	at java.base/sun.nio.ch.Net.pollConnectNow(Net.java:672)
	at java.base/sun.nio.ch.NioSocketImpl.timedFinishConnect(NioSocketImpl.java:547)
	at java.base/sun.nio.ch.NioSocketImpl.connect(NioSocketImpl.java:602)
	at java.base/java.net.SocksSocketImpl.connect(SocksSocketImpl.java:327)
	at java.base/java.net.Socket.connect(Socket.java:633)
	at org.alloy.services.TcpCoreDeviceClient.lambda$start$0(TcpCoreDeviceClient.java:62)
	at java.base/java.lang.Thread.run(Thread.java:840)
